Using pre-set license
Built from '2020.3/staging' branch; Version is '2020.3.26f1 (7298b473bc1a) revision 7510196'; Using compiler version '192528614'; Build Type 'Release'
OS: 'Windows 10  (10.0.19042) 64bit Education' Language: 'zh' Physical Memory: 16318 MB
BatchMode: 1, IsHumanControllingUs: 0, StartBugReporterOnCrash: 0, Is64bit: 1, IsPro: 0

COMMAND LINE ARGUMENTS:
D:\作品\遊戲\Unity\2020.3.26f1\Editor\Unity.exe
-adb2
-batchMode
-noUpm
-name
AssetImportWorker0
-projectPath
D:/Unity/Project/pengyanggame/PengYang202203
-logFile
Logs/AssetImportWorker0.log
-srvPort
61209
Successfully changed project path to: D:/Unity/Project/pengyanggame/PengYang202203
D:/Unity/Project/pengyanggame/PengYang202203
Using Asset Import Pipeline V2.
Refreshing native plugins compatible for Editor in 67.45 ms, found 3 plugins.
Preloading 0 native plugins for Editor in 0.00 ms.
Initialize engine version: 2020.3.26f1 (7298b473bc1a)
[Subsystems] Discovering subsystems at path D:/作品/遊戲/Unity/2020.3.26f1/Editor/Data/Resources/UnitySubsystems
[Subsystems] Discovering subsystems at path D:/Unity/Project/pengyanggame/PengYang202203/Assets
GfxDevice: creating device client; threaded=0
Direct3D:
    Version:  Direct3D 11.0 [level 11.1]
    Renderer: NVIDIA GeForce RTX 2060 (ID=0x1f08)
    Vendor:   
    VRAM:     5980 MB
    Driver:   31.0.15.1694
Initialize mono
Mono path[0] = 'D:/作品/遊戲/Unity/2020.3.26f1/Editor/Data/Managed'
Mono path[1] = 'D:/作品/遊戲/Unity/2020.3.26f1/Editor/Data/MonoBleedingEdge/lib/mono/unityjit'
Mono config path = 'D:/作品/遊戲/Unity/2020.3.26f1/Editor/Data/MonoBleedingEdge/etc'
Using monoOptions --debugger-agent=transport=dt_socket,embedding=1,server=y,suspend=n,address=127.0.0.1:56900
Begin MonoManager ReloadAssembly
Registering precompiled unity dll's ...
Register platform support module: D:/作品/遊戲/Unity/2020.3.26f1/Editor/Data/PlaybackEngines/WebGLSupport/UnityEditor.WebGL.Extensions.dll
Register platform support module: D:/作品/遊戲/Unity/2020.3.26f1/Editor/Data/PlaybackEngines/WindowsStandaloneSupport/UnityEditor.WindowsStandalone.Extensions.dll
Registered in 0.001532 seconds.
Native extension for WindowsStandalone target not found
Native extension for WebGL target not found
Refreshing native plugins compatible for Editor in 66.81 ms, found 3 plugins.
Preloading 0 native plugins for Editor in 0.00 ms.
Mono: successfully reloaded assembly
- Completed reload, in  0.510 seconds
Domain Reload Profiling:
	ReloadAssembly (510ms)
		BeginReloadAssembly (43ms)
			ExecutionOrderSort (0ms)
			DisableScriptedObjects (0ms)
			BackupInstance (0ms)
			ReleaseScriptingObjects (0ms)
			CreateAndSetChildDomain (1ms)
		EndReloadAssembly (406ms)
			LoadAssemblies (41ms)
			RebuildTransferFunctionScriptingTraits (0ms)
			SetupTypeCache (125ms)
			ReleaseScriptCaches (0ms)
			RebuildScriptCaches (25ms)
			SetupLoadedEditorAssemblies (173ms)
				LogAssemblyErrors (0ms)
				InitializePlatformSupportModulesInManaged (4ms)
				SetLoadedEditorAssemblies (0ms)
				RefreshPlugins (67ms)
				BeforeProcessingInitializeOnLoad (14ms)
				ProcessInitializeOnLoadAttributes (65ms)
				ProcessInitializeOnLoadMethodAttributes (22ms)
				AfterProcessingInitializeOnLoad (0ms)
				EditorAssembliesLoaded (0ms)
			ExecutionOrderSort2 (0ms)
			AwakeInstancesAfterBackupRestoration (0ms)
Platform modules already initialized, skipping
Registering precompiled user dll's ...
Registered in 0.002504 seconds.
Begin MonoManager ReloadAssembly
Symbol file data-0000018F774F5030 doesn't match image D:\Unity\Project\pengyanggame\PengYang202203\Library\ScriptAssemblies\Unity.2D.Animation.Editor.dll
Symbol file LoadedFromMemory is not a mono symbol file
Symbol file data-0000018F717AA500 doesn't match image D:\Unity\Project\pengyanggame\PengYang202203\Library\ScriptAssemblies\Unity.InternalAPIEngineBridge.001.dll
Symbol file LoadedFromMemory is not a mono symbol file
Symbol file data-0000018F77489040 doesn't match image D:\Unity\Project\pengyanggame\PengYang202203\Library\ScriptAssemblies\Unity.VSCode.Editor.dll
Symbol file LoadedFromMemory is not a mono symbol file
Symbol file data-0000018F76B2A0B0 doesn't match image D:\Unity\Project\pengyanggame\PengYang202203\Library\ScriptAssemblies\Unity.2D.PixelPerfect.dll
Symbol file LoadedFromMemory is not a mono symbol file
Symbol file data-0000018F76EC8D40 doesn't match image D:\Unity\Project\pengyanggame\PengYang202203\Library\ScriptAssemblies\Unity.2D.Tilemap.Editor.dll
Symbol file LoadedFromMemory is not a mono symbol file
Symbol file data-0000018F7C69B230 doesn't match image D:\Unity\Project\pengyanggame\PengYang202203\Library\ScriptAssemblies\PsdPlugin.dll
Symbol file LoadedFromMemory is not a mono symbol file
Symbol file data-0000018F76EC8D40 doesn't match image D:\Unity\Project\pengyanggame\PengYang202203\Library\ScriptAssemblies\Unity.TextMeshPro.Editor.dll
Symbol file LoadedFromMemory is not a mono symbol file
Symbol file data-0000018F7B7C59C0 doesn't match image D:\Unity\Project\pengyanggame\PengYang202203\Library\ScriptAssemblies\Unity.VisualStudio.Editor.dll
Symbol file LoadedFromMemory is not a mono symbol file
Symbol file data-0000018F7CAA2230 doesn't match image D:\Unity\Project\pengyanggame\PengYang202203\Library\ScriptAssemblies\UnityEngine.TestRunner.dll
Symbol file LoadedFromMemory is not a mono symbol file
Symbol file data-0000018F76EC8D40 doesn't match image D:\Unity\Project\pengyanggame\PengYang202203\Library\ScriptAssemblies\Unity.Timeline.dll
Symbol file LoadedFromMemory is not a mono symbol file
Symbol file data-0000018F76DF6730 doesn't match image D:\Unity\Project\pengyanggame\PengYang202203\Library\ScriptAssemblies\Unity.TextMeshPro.dll
Symbol file LoadedFromMemory is not a mono symbol file
Symbol file data-0000018F7B63A020 doesn't match image D:\Unity\Project\pengyanggame\PengYang202203\Library\ScriptAssemblies\UnityEditor.TestRunner.dll
Symbol file LoadedFromMemory is not a mono symbol file
Symbol file data-0000018F77460030 doesn't match image D:\Unity\Project\pengyanggame\PengYang202203\Library\ScriptAssemblies\Unity.2D.IK.Editor.dll
Symbol file LoadedFromMemory is not a mono symbol file
Symbol file data-0000018F76EC8D40 doesn't match image D:\Unity\Project\pengyanggame\PengYang202203\Library\ScriptAssemblies\Unity.2D.Sprite.Editor.dll
Symbol file LoadedFromMemory is not a mono symbol file
Symbol file data-0000018F7B7C59C0 doesn't match image D:\Unity\Project\pengyanggame\PengYang202203\Library\ScriptAssemblies\Unity.2D.Psdimporter.Editor.dll
Symbol file LoadedFromMemory is not a mono symbol file
Symbol file data-0000018F7C464D40 doesn't match image D:\Unity\Project\pengyanggame\PengYang202203\Library\ScriptAssemblies\Unity.2D.Path.Editor.dll
Symbol file LoadedFromMemory is not a mono symbol file
Symbol file data-0000018F76F20010 doesn't match image D:\Unity\Project\pengyanggame\PengYang202203\Library\ScriptAssemblies\Unity.InternalAPIEditorBridge.001.dll
Symbol file LoadedFromMemory is not a mono symbol file
Symbol file data-0000018F7B7C59C0 doesn't match image D:\Unity\Project\pengyanggame\PengYang202203\Library\ScriptAssemblies\UnityEditor.UI.dll
Symbol file LoadedFromMemory is not a mono symbol file
Symbol file data-0000018F7B5E6020 doesn't match image D:\Unity\Project\pengyanggame\PengYang202203\Library\ScriptAssemblies\Unity.PlasticSCM.Editor.dll
Symbol file LoadedFromMemory is not a mono symbol file
Symbol file data-0000018F76F4D420 doesn't match image D:\Unity\Project\pengyanggame\PengYang202203\Library\ScriptAssemblies\Unity.Rider.Editor.dll
Symbol file LoadedFromMemory is not a mono symbol file
Symbol file data-0000018F7B886020 doesn't match image D:\Unity\Project\pengyanggame\PengYang202203\Library\ScriptAssemblies\UnityEngine.UI.dll
Symbol file LoadedFromMemory is not a mono symbol file
Symbol file data-0000018F7B4B6010 doesn't match image D:\Unity\Project\pengyanggame\PengYang202203\Library\ScriptAssemblies\Unity.Mathematics.dll
Symbol file LoadedFromMemory is not a mono symbol file
Symbol file data-0000018F7C46CD50 doesn't match image D:\Unity\Project\pengyanggame\PengYang202203\Library\ScriptAssemblies\Unity.2D.IK.Runtime.dll
Symbol file LoadedFromMemory is not a mono symbol file
Symbol file data-0000018F76F4D420 doesn't match image D:\Unity\Project\pengyanggame\PengYang202203\Library\ScriptAssemblies\Unity.Services.Core.Editor.dll
Symbol file LoadedFromMemory is not a mono symbol file
Symbol file data-0000018F7B7DE020 doesn't match image D:\Unity\Project\pengyanggame\PengYang202203\Library\ScriptAssemblies\Cinemachine.dll
Symbol file LoadedFromMemory is not a mono symbol file
Symbol file data-0000018F76DDD920 doesn't match image D:\Unity\Project\pengyanggame\PengYang202203\Library\ScriptAssemblies\com.unity.cinemachine.editor.dll
Symbol file LoadedFromMemory is not a mono symbol file
Symbol file data-0000018F7BB51020 doesn't match image D:\Unity\Project\pengyanggame\PengYang202203\Library\ScriptAssemblies\Unity.2D.Animation.Triangle.Runtime.dll
Symbol file LoadedFromMemory is not a mono symbol file
Symbol file data-0000018F76F24F10 doesn't match image D:\Unity\Project\pengyanggame\PengYang202203\Library\ScriptAssemblies\Unity.2D.Animation.Runtime.dll
Symbol file LoadedFromMemory is not a mono symbol file
Symbol file data-0000018F76C74D70 doesn't match image D:\Unity\Project\pengyanggame\PengYang202203\Library\ScriptAssemblies\Unity.2D.PixelPerfect.Editor.dll
Symbol file LoadedFromMemory is not a mono symbol file
Symbol file data-0000018F7BB51020 doesn't match image D:\Unity\Project\pengyanggame\PengYang202203\Library\ScriptAssemblies\Unity.Timeline.Editor.dll
Symbol file LoadedFromMemory is not a mono symbol file
Symbol file data-0000018F7C034620 doesn't match image D:\Unity\Project\pengyanggame\PengYang202203\Library\ScriptAssemblies\Unity.CollabProxy.Editor.dll
Symbol file LoadedFromMemory is not a mono symbol file
Symbol file data-0000018F76DBA020 doesn't match image D:\Unity\Project\pengyanggame\PengYang202203\Library\ScriptAssemblies\Unity.Mathematics.Editor.dll
Symbol file LoadedFromMemory is not a mono symbol file
Symbol file data-0000018F718D1060 doesn't match image D:\Unity\Project\pengyanggame\PengYang202203\Library\ScriptAssemblies\Unity.2D.Common.Runtime.dll
Symbol file LoadedFromMemory is not a mono symbol file
Symbol file data-0000018F7C896E30 doesn't match image D:\Unity\Project\pengyanggame\PengYang202203\Library\ScriptAssemblies\Unity.2D.SpriteShape.Editor.dll
Symbol file LoadedFromMemory is not a mono symbol file
Symbol file data-0000018F7B678240 doesn't match image D:\Unity\Project\pengyanggame\PengYang202203\Library\ScriptAssemblies\Unity.2D.Common.Editor.dll
Symbol file LoadedFromMemory is not a mono symbol file
Symbol file data-0000018F7BDCD620 doesn't match image D:\Unity\Project\pengyanggame\PengYang202203\Library\ScriptAssemblies\Unity.2D.SpriteShape.Runtime.dll
Symbol file LoadedFromMemory is not a mono symbol file
Symbol file LoadedFromMemory doesn't match image D:\Unity\Project\pengyanggame\PengYang202203\Library\PackageCache\com.unity.collab-proxy@1.15.15\Lib\Editor\PlasticSCM\unityplastic.dll
Native extension for WindowsStandalone target not found
Native extension for WebGL target not found
Refreshing native plugins compatible for Editor in 68.28 ms, found 3 plugins.
Preloading 0 native plugins for Editor in 0.00 ms.
Mono: successfully reloaded assembly
- Completed reload, in  1.016 seconds
Domain Reload Profiling:
	ReloadAssembly (1017ms)
		BeginReloadAssembly (124ms)
			ExecutionOrderSort (0ms)
			DisableScriptedObjects (5ms)
			BackupInstance (0ms)
			ReleaseScriptingObjects (0ms)
			CreateAndSetChildDomain (17ms)
		EndReloadAssembly (833ms)
			LoadAssemblies (79ms)
			RebuildTransferFunctionScriptingTraits (0ms)
			SetupTypeCache (249ms)
			ReleaseScriptCaches (1ms)
			RebuildScriptCaches (46ms)
			SetupLoadedEditorAssemblies (354ms)
				LogAssemblyErrors (0ms)
				InitializePlatformSupportModulesInManaged (3ms)
				SetLoadedEditorAssemblies (0ms)
				RefreshPlugins (68ms)
				BeforeProcessingInitializeOnLoad (83ms)
				ProcessInitializeOnLoadAttributes (181ms)
				ProcessInitializeOnLoadMethodAttributes (14ms)
				AfterProcessingInitializeOnLoad (4ms)
				EditorAssembliesLoaded (0ms)
			ExecutionOrderSort2 (0ms)
			AwakeInstancesAfterBackupRestoration (5ms)
Platform modules already initialized, skipping
========================================================================
Worker process is ready to serve import requests
Launched and connected shader compiler UnityShaderCompiler.exe after 0.04 seconds
Refreshing native plugins compatible for Editor in 0.83 ms, found 3 plugins.
Preloading 0 native plugins for Editor in 0.00 ms.
Unloading 2365 Unused Serialized files (Serialized files now loaded: 0)
System memory in use before: 106.2 MB.
System memory in use after: 106.4 MB.

Unloading 25 unused Assets to reduce memory usage. Loaded Objects now: 2805.
Total: 2.887600 ms (FindLiveObjects: 0.208900 ms CreateObjectMapping: 0.066800 ms MarkObjects: 2.588100 ms  DeleteObjects: 0.022800 ms)

AssetImportParameters requested are different than current active one (requested -> active):
  custom:framework-win-MediaFoundation: 216162199b28c13a410421893ffa2e32 -> 
  custom:video-decoder-ogg-theora: a1e56fd34408186e4bbccfd4996cb3dc -> 
  custom:container-muxer-webm: aa71ff27fc2769a1b78a27578f13a17b -> 
  custom:container-demuxer-webm: 4f35f7cbe854078d1ac9338744f61a02 -> 
  custom:container-demuxer-ogg: 62fdf1f143b41e24485cea50d1cbac27 -> 
  custom:video-encoder-webm-vp8: eb34c28f22e8b96e1ab97ce403110664 -> 
  custom:video-decoder-webm-vp8: 9c59270c3fd7afecdb556c50c9e8de78 -> 
  custom:audio-decoder-ogg-vorbis: bf7c407c2cedff20999df2af8eb42d56 -> 
  custom:audio-encoder-webm-vorbis: bf7c407c2cedff20999df2af8eb42d56 -> 
========================================================================
Received Import Request.
  path: Assets/CrystalWorld/main_lev_build_1.asset
  artifactKey: Guid(9af26e71db9d4094baeae677c9e38505) Importer(815301076,1909f56bfc062723c751e8b465ee728b)
Start importing Assets/CrystalWorld/main_lev_build_1.asset using Guid(9af26e71db9d4094baeae677c9e38505) Importer(815301076,1909f56bfc062723c751e8b465ee728b)  -> (artifact id: '9b3f87efc028364ff82e492d2617e9f8') in 0.066935 seconds 
  Import took 0.071026 seconds .

========================================================================
Received Import Request.
  Time since last request: 0.000240 seconds.
  path: Assets/CrystalWorld/main_lev_build_2.png
  artifactKey: Guid(c0ab2d51d91528c4bb0860b3a9ecbd7b) Importer(815301076,1909f56bfc062723c751e8b465ee728b)
Start importing Assets/CrystalWorld/main_lev_build_2.png using Guid(c0ab2d51d91528c4bb0860b3a9ecbd7b) Importer(815301076,1909f56bfc062723c751e8b465ee728b)  -> (artifact id: '824f8aed4ad5b07ef257cce9413e85e3') in 1.658290 seconds 
  Import took 1.665228 seconds .

========================================================================
Received Import Request.
  Time since last request: 0.000211 seconds.
  path: Assets/CrystalWorld/rocks.asset
  artifactKey: Guid(17c3938f394bf614bbd732ace6010bd6) Importer(815301076,1909f56bfc062723c751e8b465ee728b)
Start importing Assets/CrystalWorld/rocks.asset using Guid(17c3938f394bf614bbd732ace6010bd6) Importer(815301076,1909f56bfc062723c751e8b465ee728b)  -> (artifact id: '116730018730bf7ef69b12a9c61b4c41') in 0.010882 seconds 
  Import took 0.014187 seconds .

========================================================================
Received Import Request.
  Time since last request: 0.000193 seconds.
  path: Assets/CrystalWorld/main_lev_build_2.asset
  artifactKey: Guid(d1f1cff2283b2de469c6415269826f92) Importer(815301076,1909f56bfc062723c751e8b465ee728b)
Start importing Assets/CrystalWorld/main_lev_build_2.asset using Guid(d1f1cff2283b2de469c6415269826f92) Importer(815301076,1909f56bfc062723c751e8b465ee728b)  -> (artifact id: '0b18fc8979d24753ddb7beb4e4bc064e') in 0.007627 seconds 
  Import took 0.010779 seconds .

========================================================================
Received Import Request.
  Time since last request: 0.000294 seconds.
  path: Assets/CrystalWorld/rocks.png
  artifactKey: Guid(9422cf146bf65ee4ab42df4232b29c0c) Importer(815301076,1909f56bfc062723c751e8b465ee728b)
Start importing Assets/CrystalWorld/rocks.png using Guid(9422cf146bf65ee4ab42df4232b29c0c) Importer(815301076,1909f56bfc062723c751e8b465ee728b)  -> (artifact id: 'b784836f518de39ebe5ad81e10973207') in 0.099260 seconds 
  Import took 0.102883 seconds .

AssetImportWorkerClient::OnTransportError - code=2 error=End of file
